Base path: 'D:/UnityEditors/2019.3.11f1/Editor/Data', plugins path 'D:/UnityEditors/2019.3.11f1/Editor/Data/PlaybackEngines'
Cmd: initializeCompiler
Cmd: preprocess
  insize=811 outsize=209 ok=1
Cmd: preprocess
  insize=811 outsize=209 ok=1
Cmd: preprocess
  insize=811 outsize=209 ok=1
Cmd: preprocess
  insize=811 outsize=209 ok=1
Cmd: preprocess
  insize=811 outsize=209 ok=1
Cmd: preprocess
  insize=811 outsize=209 ok=1
Cmd: preprocess
  insize=811 outsize=209 ok=1
Cmd: preprocess
  insize=811 outsize=209 ok=1
Cmd: preprocess
  insize=811 outsize=209 ok=1
Cmd: preprocess
  insize=811 outsize=209 ok=1
Cmd: preprocess
  insize=811 outsize=209 ok=1
Cmd: preprocess
  insize=811 outsize=209 ok=1
Cmd: preprocess
  insize=811 outsize=209 ok=1
Cmd: preprocess
  insize=74597 outsize=3005 ok=1
Cmd: preprocess
  insize=3686 outsize=590 ok=1
Cmd: preprocess
  insize=4779 outsize=584 ok=1
Cmd: preprocess
  insize=4257 outsize=584 ok=1
Cmd: preprocess
  insize=4998 outsize=584 ok=1
Cmd: preprocess
  insize=5411 outsize=586 ok=1
Cmd: preprocess
  insize=4598 outsize=589 ok=1
Cmd: preprocess
  insize=7020 outsize=580 ok=1

Quitting shader compiler process
